<?xml version = "1.0" encoding = "UTF-8" ?>
<!--This is a sample unit test report generated by Mocha Jenkins Reporter (https://www.npmjs.com/package/mocha-jenkins-reporter)-->
<testsuites name="Sample Unit Test">
  <testsuite name="AES encryption and decryption test" tests="2" errors="0" failures="0" skipped="0" timestamp="2018-10-18T00:19:30" time="0.008">
    <testcase classname="Sample Unit Test.AES encryption and decryption test" name="AES encryption test" time="0.001">
    </testcase>
    <testcase classname="Sample Unit Test.AES encryption and decryption test" name="AES decryption test" time="0.001">
    </testcase>
  </testsuite>
  <testsuite name="Instant Payment Notification test: Confirm getting the notification" tests="3" errors="0" failures="0" skipped="0" timestamp="2018-10-18T00:19:30" time="0.263">
    <testcase classname="Sample Unit Test.Instant Payment Notification test: Confirm getting the notification" name="IPN from Avangate with proper authentication information" time="0.166">
      <system-out><![CDATA[{ buErpId: 'sap_bu_erp_id_3',
  buName: 'Sample',
  buAccount: 'Sample',
  buProductLine: 'xxxx' }
]]></system-out>
    </testcase>
    <testcase classname="Sample Unit Test.Instant Payment Notification test: Confirm getting the notification" name="Bad IPN request" time="0.048">
      <system-out><![CDATA[{ buErpId: 'sap_bu_erp_id_3',
  buName: 'Sample',
  buAccount: 'Sample',
  buProductLine: 'xxxx' }
]]></system-out>
    </testcase>
    <testcase classname="Sample Unit Test.Instant Payment Notification test: Confirm getting the notification" name="IPN is not from Avangate" time="0.018">
      <system-out><![CDATA[{ buErpId: 'sap_bu_erp_id_3',
  buName: 'Sample',
  buAccount: 'Sample',
  buProductLine: 'xxxx' }
]]></system-out>
    </testcase>
  </testsuite>
  <testsuite name="Instant Payment Notification test: New order is placed" tests="4" errors="0" failures="0" skipped="1" timestamp="2018-10-18T00:19:30" time="0.119">
    <testcase classname="Sample Unit Test.Instant Payment Notification test: New order is placed" name="Credit card is authorized. Normal order" time="0.032">
      <system-out><![CDATA[{ buErpId: 'sap_bu_erp_id_3',
  buName: 'Sample',
  buAccount: 'Sample',
  buProductLine: 'xxxx' }
]]></system-out>
    </testcase>
    <testcase classname="Sample Unit Test.Instant Payment Notification test: New order is placed" name="Missing required fields" time="0.06">
    </testcase>
    <testcase classname="Sample Unit Test.Instant Payment Notification test: New order is placed" name="Count database calls" time="0.019">
      <system-out><![CDATA[{ buErpId: 'sap_bu_erp_id_3',
  buName: 'Sample',
  buAccount: 'Sample',
  buProductLine: 'xxxx' }
]]></system-out>
    </testcase>
    <testcase classname="Sample Unit Test.Instant Payment Notification test: New order is placed" name="Purchase order is placed" time="0">
      <skipped/>
    </testcase>
  </testsuite>
  <testsuite name="Instant Payment Notification test: Subscribtion renew" tests="1" errors="0" failures="0" skipped="1" timestamp="2018-10-18T00:19:30" time="0">
    <testcase classname="Sample Unit Test.Instant Payment Notification test: Subscribtion renew" name="Pay for subscribtion" time="0">
      <skipped/>
    </testcase>
  </testsuite>
  <testsuite name="License Change Notification test" tests="1" errors="0" failures="0" skipped="1" timestamp="2018-10-18T00:19:30" time="0.001">
    <testcase classname="Sample Unit Test.License Change Notification test" name="Confirm getting the notification" time="0">
      <skipped/>
    </testcase>
  </testsuite>
  <testsuite name="Instant Delivery Notification test" tests="1" errors="0" failures="0" skipped="1" timestamp="2018-10-18T00:19:30" time="0">
    <testcase classname="Sample Unit Test.Instant Delivery Notification test" name="Valid IDN" time="0">
      <skipped/>
    </testcase>
  </testsuite>
  <testsuite name="Instant Refund Notification test" tests="1" errors="0" failures="0" skipped="1" timestamp="2018-10-18T00:19:30" time="0">
    <testcase classname="Sample Unit Test.Instant Refund Notification test" name="Valid IRN" time="0">
      <skipped/>
    </testcase>
  </testsuite>
  <testsuite name="Avangate Utility test Convert IPN Object To GTS requests test" tests="6" errors="0" failures="0" skipped="5" timestamp="2018-10-18T00:19:30" time="0.013">
    <testcase classname="Sample Unit Test.Avangate Utility test Convert IPN Object To GTS requests test" name="Calculate hash signature for IPN response" time="0.013">
      <system-out><![CDATA[bba775a530d96cba091abe50423f3848
]]></system-out>
    </testcase>
    <testcase classname="Sample Unit Test.Avangate Utility test Convert IPN Object To GTS requests test" name="Miss person name in billing info" time="0">
      <skipped/>
    </testcase>
    <testcase classname="Sample Unit Test.Avangate Utility test Convert IPN Object To GTS requests test" name="Miss person name in shipping info" time="0">
      <skipped/>
    </testcase>
    <testcase classname="Sample Unit Test.Avangate Utility test Convert IPN Object To GTS requests test" name="Person is using same billing and shipping info" time="0">
      <skipped/>
    </testcase>
    <testcase classname="Sample Unit Test.Avangate Utility test Convert IPN Object To GTS requests test" name="Same compnay in billing and shipping info" time="0">
      <skipped/>
    </testcase>
    <testcase classname="Sample Unit Test.Avangate Utility test Convert IPN Object To GTS requests test" name="2 different people and 2 different companies in billing and shipping info" time="0">
      <skipped/>
    </testcase>
  </testsuite>
  <testsuite name="Data models test Email model test" tests="1" errors="0" failures="0" skipped="0" timestamp="2018-10-18T00:19:30" time="0.034">
    <testcase classname="Sample Unit Test.Data models test Email model test" name="Encryption" time="0.033">
      <system-out><![CDATA[test
]]></system-out>
    </testcase>
  </testsuite>
  <testsuite name="Test: Update GTS response" tests="2" errors="0" failures="0" skipped="0" timestamp="2018-10-18T00:19:30" time="0.003">
    <testcase classname="Sample Unit Test.Test: Update GTS response" name="Test updateintoDB Connection error" time="0.002">
    </testcase>
    <testcase classname="Sample Unit Test.Test: Update GTS response" name="Test updateintoDB function" time="0.001">
    </testcase>
  </testsuite>
  <testsuite name="Test: Screen with GTS" tests="9" errors="0" failures="0" skipped="0" timestamp="2018-10-18T00:19:30" time="0.079">
    <testcase classname="Sample Unit Test.Test: Screen with GTS" name="GTS screening for an existing screen" time="0.007">
    </testcase>
    <testcase classname="Sample Unit Test.Test: Screen with GTS" name="GTS screening :New screen request with APPROVED GTS response" time="0.007">
    </testcase>
    <testcase classname="Sample Unit Test.Test: Screen with GTS" name="GTS screening :New screen request with BLOCKED GTS response" time="0.007">
    </testcase>
    <testcase classname="Sample Unit Test.Test: Screen with GTS" name="GTS screening :New screen request with NO SCREEN GTS response" time="0.006">
    </testcase>
    <testcase classname="Sample Unit Test.Test: Screen with GTS" name="GTS Screening: GET Status approve response" time="0.024">
    </testcase>
    <testcase classname="Sample Unit Test.Test: Screen with GTS" name="GTS Screening: GET Status blocked response" time="0.006">
    </testcase>
    <testcase classname="Sample Unit Test.Test: Screen with GTS" name="GTS Screening: GET Status no screen status" time="0.006">
    </testcase>
    <testcase classname="Sample Unit Test.Test: Screen with GTS" name="GTS Screening: PARSE ERROR Test" time="0.006">
    </testcase>
    <testcase classname="Sample Unit Test.Test: Screen with GTS" name="GTS screening :New screen request with ERROR GTS response" time="0.006">
    </testcase>
  </testsuite>
  <testsuite name="test GTS webservice different respose code" tests="1" errors="0" failures="0" skipped="0" timestamp="2018-10-18T00:19:30" time="0.01">
    <testcase classname="Sample Unit Test.test GTS webservice different respose code" name="GTS screening :New screen request different respose code" time="0.009">
    </testcase>
  </testsuite>
  <testsuite name="Sample Schedular test Sample schedular" tests="1" errors="0" failures="1" skipped="0" timestamp="2018-10-18T00:19:30" time="0.024">
    <testcase classname="Sample Unit Test.Sample Schedular test Sample schedular" name="test schedular resubmitGTSScreening" time="0.022">
      <failure message="Unexpected call: getGTSScreenList(select * from gts where gts_id in (select gts_gts_id from  gts_trace where gts_trace_created &gt;= DATE_SUB(NOW(), interval ? hour)) and gts_screened_status is null;, [undefined])
    "></failure>
    </testcase>
  </testsuite>
</testsuites>
